{"__type":"$$EventMessageAudit","id":"449e5efd-fd1d-4d6d-b4b4-478cfb603a59","ts":"2025-12-15T19:47:29.766+00:00","eventName":"n8n.audit.workflow.created","message":"n8n.audit.workflow.created","payload":{"userId":"18a8e552-eacc-493f-af6a-9b0fabdb1e90","_email":"devzelix@gmail.com","_firstName":"Jose","_lastName":"Solett","globalRole":"global:owner","workflowId":"GN9URdeT42nIgT1J","workflowName":"My workflow"}}
{"__type":"$$EventMessageConfirm","confirm":"449e5efd-fd1d-4d6d-b4b4-478cfb603a59","ts":"2025-12-15T19:47:29.767+00:00","source":{"id":"0","name":"eventBus"}}
{"__type":"$$EventMessageWorkflow","id":"1aa7a378-aa8f-419c-be04-49fd8cdfd607","ts":"2025-12-15T19:47:30.059+00:00","eventName":"n8n.workflow.started","message":"n8n.workflow.started","payload":{"executionId":"1","workflowId":"GN9URdeT42nIgT1J","isManual":false,"workflowName":"My workflow"}}
{"__type":"$$EventMessageConfirm","confirm":"1aa7a378-aa8f-419c-be04-49fd8cdfd607","ts":"2025-12-15T19:47:30.059+00:00","source":{"id":"0","name":"eventBus"}}
{"__type":"$$EventMessageNode","id":"67601669-dff7-4857-9b61-6ba8ff5efeb6","ts":"2025-12-15T19:47:30.061+00:00","eventName":"n8n.node.started","message":"n8n.node.started","payload":{"workflowId":"GN9URdeT42nIgT1J","workflowName":"My workflow","executionId":"1","nodeType":"n8n-nodes-base.manualTrigger","nodeName":"When clicking ‘Execute workflow’","nodeId":"e01182c5-46be-40be-9b67-b08a6a293368"}}
{"__type":"$$EventMessageConfirm","confirm":"67601669-dff7-4857-9b61-6ba8ff5efeb6","ts":"2025-12-15T19:47:30.061+00:00","source":{"id":"0","name":"eventBus"}}
{"__type":"$$EventMessageNode","id":"2959fd1d-5c76-4c32-b5ac-016f8de3f262","ts":"2025-12-15T19:47:30.066+00:00","eventName":"n8n.node.finished","message":"n8n.node.finished","payload":{"workflowId":"GN9URdeT42nIgT1J","workflowName":"My workflow","executionId":"1","nodeType":"n8n-nodes-base.manualTrigger","nodeName":"When clicking ‘Execute workflow’","nodeId":"e01182c5-46be-40be-9b67-b08a6a293368"}}
{"__type":"$$EventMessageConfirm","confirm":"2959fd1d-5c76-4c32-b5ac-016f8de3f262","ts":"2025-12-15T19:47:30.066+00:00","source":{"id":"0","name":"eventBus"}}
{"__type":"$$EventMessageNode","id":"3ebbd5cd-b644-46d6-a379-1607ad316e93","ts":"2025-12-15T19:47:30.068+00:00","eventName":"n8n.node.started","message":"n8n.node.started","payload":{"workflowId":"GN9URdeT42nIgT1J","workflowName":"My workflow","executionId":"1","nodeType":"n8n-nodes-base.code","nodeName":"Code in JavaScript","nodeId":"5e0f6a7b-f8a6-4562-afdd-b482af7fb904"}}
{"__type":"$$EventMessageConfirm","confirm":"3ebbd5cd-b644-46d6-a379-1607ad316e93","ts":"2025-12-15T19:47:30.072+00:00","source":{"id":"0","name":"eventBus"}}
{"__type":"$$EventMessageRunner","id":"0b500afc-6e71-4814-bea2-d45c3de2042d","ts":"2025-12-15T19:47:30.080+00:00","eventName":"n8n.runner.task.requested","message":"n8n.runner.task.requested","payload":{"taskId":"TL43rvvN","nodeId":"5e0f6a7b-f8a6-4562-afdd-b482af7fb904","workflowId":"GN9URdeT42nIgT1J","executionId":"1"}}
{"__type":"$$EventMessageConfirm","confirm":"0b500afc-6e71-4814-bea2-d45c3de2042d","ts":"2025-12-15T19:47:30.080+00:00","source":{"id":"0","name":"eventBus"}}
{"__type":"$$EventMessageRunner","id":"87f706ea-ffd3-40ce-bb05-53b6a0e7c7e9","ts":"2025-12-15T19:47:30.178+00:00","eventName":"n8n.runner.response.received","message":"n8n.runner.response.received","payload":{"taskId":"TL43rvvN","nodeId":"5e0f6a7b-f8a6-4562-afdd-b482af7fb904","workflowId":"GN9URdeT42nIgT1J","executionId":"1"}}
{"__type":"$$EventMessageConfirm","confirm":"87f706ea-ffd3-40ce-bb05-53b6a0e7c7e9","ts":"2025-12-15T19:47:30.178+00:00","source":{"id":"0","name":"eventBus"}}
{"__type":"$$EventMessageNode","id":"b240593d-76f9-4db6-99e4-41f40b043417","ts":"2025-12-15T19:47:30.179+00:00","eventName":"n8n.node.finished","message":"n8n.node.finished","payload":{"workflowId":"GN9URdeT42nIgT1J","workflowName":"My workflow","executionId":"1","nodeType":"n8n-nodes-base.code","nodeName":"Code in JavaScript","nodeId":"5e0f6a7b-f8a6-4562-afdd-b482af7fb904"}}
{"__type":"$$EventMessageConfirm","confirm":"b240593d-76f9-4db6-99e4-41f40b043417","ts":"2025-12-15T19:47:30.179+00:00","source":{"id":"0","name":"eventBus"}}
{"__type":"$$EventMessageWorkflow","id":"ae85e992-a226-40e3-9c90-5c975d51f1a7","ts":"2025-12-15T19:47:30.183+00:00","eventName":"n8n.workflow.success","message":"n8n.workflow.success","payload":{"userId":"18a8e552-eacc-493f-af6a-9b0fabdb1e90","executionId":"1","success":true,"isManual":true,"workflowId":"GN9URdeT42nIgT1J","workflowName":"My workflow"}}
{"__type":"$$EventMessageConfirm","confirm":"ae85e992-a226-40e3-9c90-5c975d51f1a7","ts":"2025-12-15T19:47:30.183+00:00","source":{"id":"0","name":"eventBus"}}
{"__type":"$$EventMessageWorkflow","id":"b9cace52-df1e-49c1-a76d-dd6c0cea72d1","ts":"2025-12-15T19:47:35.393+00:00","eventName":"n8n.workflow.started","message":"n8n.workflow.started","payload":{"executionId":"2","workflowId":"GN9URdeT42nIgT1J","isManual":false,"workflowName":"My workflow"}}
{"__type":"$$EventMessageConfirm","confirm":"b9cace52-df1e-49c1-a76d-dd6c0cea72d1","ts":"2025-12-15T19:47:35.393+00:00","source":{"id":"0","name":"eventBus"}}
{"__type":"$$EventMessageNode","id":"958de4e1-b58b-4274-84b6-e2afb5435af6","ts":"2025-12-15T19:47:35.394+00:00","eventName":"n8n.node.started","message":"n8n.node.started","payload":{"workflowId":"GN9URdeT42nIgT1J","workflowName":"My workflow","executionId":"2","nodeType":"n8n-nodes-base.manualTrigger","nodeName":"When clicking ‘Execute workflow’","nodeId":"e01182c5-46be-40be-9b67-b08a6a293368"}}
{"__type":"$$EventMessageConfirm","confirm":"958de4e1-b58b-4274-84b6-e2afb5435af6","ts":"2025-12-15T19:47:35.394+00:00","source":{"id":"0","name":"eventBus"}}
{"__type":"$$EventMessageNode","id":"c959e8b4-fc28-444d-b51d-73b803c518dc","ts":"2025-12-15T19:47:35.395+00:00","eventName":"n8n.node.finished","message":"n8n.node.finished","payload":{"workflowId":"GN9URdeT42nIgT1J","workflowName":"My workflow","executionId":"2","nodeType":"n8n-nodes-base.manualTrigger","nodeName":"When clicking ‘Execute workflow’","nodeId":"e01182c5-46be-40be-9b67-b08a6a293368"}}
{"__type":"$$EventMessageConfirm","confirm":"c959e8b4-fc28-444d-b51d-73b803c518dc","ts":"2025-12-15T19:47:35.395+00:00","source":{"id":"0","name":"eventBus"}}
{"__type":"$$EventMessageNode","id":"8fc420e3-ffc0-441f-a83d-e3bea50b695b","ts":"2025-12-15T19:47:35.395+00:00","eventName":"n8n.node.started","message":"n8n.node.started","payload":{"workflowId":"GN9URdeT42nIgT1J","workflowName":"My workflow","executionId":"2","nodeType":"n8n-nodes-base.code","nodeName":"Code in JavaScript","nodeId":"5e0f6a7b-f8a6-4562-afdd-b482af7fb904"}}
{"__type":"$$EventMessageConfirm","confirm":"8fc420e3-ffc0-441f-a83d-e3bea50b695b","ts":"2025-12-15T19:47:35.395+00:00","source":{"id":"0","name":"eventBus"}}
{"__type":"$$EventMessageRunner","id":"f1f2f6f0-9e28-4e77-926e-02cd8444b84e","ts":"2025-12-15T19:47:35.397+00:00","eventName":"n8n.runner.task.requested","message":"n8n.runner.task.requested","payload":{"taskId":"FPgBOrz3","nodeId":"5e0f6a7b-f8a6-4562-afdd-b482af7fb904","workflowId":"GN9URdeT42nIgT1J","executionId":"2"}}
{"__type":"$$EventMessageConfirm","confirm":"f1f2f6f0-9e28-4e77-926e-02cd8444b84e","ts":"2025-12-15T19:47:35.397+00:00","source":{"id":"0","name":"eventBus"}}
{"__type":"$$EventMessageRunner","id":"14ffab58-6142-49f8-9a15-99810b181605","ts":"2025-12-15T19:47:35.402+00:00","eventName":"n8n.runner.response.received","message":"n8n.runner.response.received","payload":{"taskId":"FPgBOrz3","nodeId":"5e0f6a7b-f8a6-4562-afdd-b482af7fb904","workflowId":"GN9URdeT42nIgT1J","executionId":"2"}}
{"__type":"$$EventMessageConfirm","confirm":"14ffab58-6142-49f8-9a15-99810b181605","ts":"2025-12-15T19:47:35.402+00:00","source":{"id":"0","name":"eventBus"}}
{"__type":"$$EventMessageNode","id":"63915638-2417-484c-85d0-89c5f9436394","ts":"2025-12-15T19:47:35.402+00:00","eventName":"n8n.node.finished","message":"n8n.node.finished","payload":{"workflowId":"GN9URdeT42nIgT1J","workflowName":"My workflow","executionId":"2","nodeType":"n8n-nodes-base.code","nodeName":"Code in JavaScript","nodeId":"5e0f6a7b-f8a6-4562-afdd-b482af7fb904"}}
{"__type":"$$EventMessageConfirm","confirm":"63915638-2417-484c-85d0-89c5f9436394","ts":"2025-12-15T19:47:35.402+00:00","source":{"id":"0","name":"eventBus"}}
{"__type":"$$EventMessageWorkflow","id":"51dc2d2b-712d-4338-866f-3cdc45c998f3","ts":"2025-12-15T19:47:35.410+00:00","eventName":"n8n.workflow.success","message":"n8n.workflow.success","payload":{"userId":"18a8e552-eacc-493f-af6a-9b0fabdb1e90","executionId":"2","success":true,"isManual":true,"workflowId":"GN9URdeT42nIgT1J","workflowName":"My workflow"}}
{"__type":"$$EventMessageConfirm","confirm":"51dc2d2b-712d-4338-866f-3cdc45c998f3","ts":"2025-12-15T19:47:35.410+00:00","source":{"id":"0","name":"eventBus"}}
